<?xml version="1.0" encoding="UTF-8"?>
<!-- Generated by org.testng.reporters.JUnitReportReporter -->
<testsuite skipped="0" hostname="DESKTOP-UUE2DNC" name="com.icam.qa.testcases.CreateResidenceTypeTest" tests="2" failures="0" timestamp="08 Oct 2018 05:13:22 GMT" time="5.177" errors="0">
  <testcase name="residenceType" time="5.168" classname="com.icam.qa.testcases.CreateResidenceTypeTest"/>
  <testcase name="validatePageTest" time="0.009" classname="com.icam.qa.testcases.CreateResidenceTypeTest"/>
</testsuite> <!-- com.icam.qa.testcases.CreateResidenceTypeTest -->
