<?xml version="1.0" encoding="UTF-8"?>
<!-- Generated by org.testng.reporters.JUnitReportReporter -->
<testsuite skipped="0" hostname="DESKTOP-UUE2DNC" name="com.icam.qa.testcases.UploadAssignmentTest" tests="1" failures="0" timestamp="12 Sep 2018 10:01:38 GMT" time="9.128" errors="0">
  <testcase name="uploadAssignTest" time="9.128" classname="com.icam.qa.testcases.UploadAssignmentTest"/>
</testsuite> <!-- com.icam.qa.testcases.UploadAssignmentTest -->
