<?xml version="1.0" encoding="UTF-8"?>
<!-- Generated by org.testng.reporters.JUnitReportReporter -->
<testsuite skipped="2" hostname="DESKTOP-UUE2DNC" name="com.icam.qa.testcases.CourseTypeTest" tests="3" failures="0" timestamp="18 Sep 2018 05:43:54 GMT" time="30.141" errors="0">
  <testcase name="validateListofCourse" time="30.141" classname="com.icam.qa.testcases.CourseTypeTest"/>
  <testcase name="createNewCourseType" classname="com.icam.qa.testcases.CourseTypeTest">
    <skipped/>
  </testcase> <!-- createNewCourseType -->
  <testcase name="validateCourseTypeTest" classname="com.icam.qa.testcases.CourseTypeTest">
    <skipped/>
  </testcase> <!-- validateCourseTypeTest -->
</testsuite> <!-- com.icam.qa.testcases.CourseTypeTest -->
