<?xml version="1.0" encoding="UTF-8"?>
<!-- Generated by org.testng.reporters.JUnitReportReporter -->
<testsuite skipped="0" hostname="DESKTOP-UUE2DNC" name="com.icam.qa.testcases.CreateVoucherTypeTest" tests="2" failures="0" timestamp="04 Oct 2018 09:59:49 GMT" time="5.338" errors="0">
  <testcase name="voucherCreationTest" time="5.330" classname="com.icam.qa.testcases.CreateVoucherTypeTest"/>
  <testcase name="validatePageTest" time="0.008" classname="com.icam.qa.testcases.CreateVoucherTypeTest"/>
</testsuite> <!-- com.icam.qa.testcases.CreateVoucherTypeTest -->
