<?xml version="1.0" encoding="UTF-8"?>
<!-- Generated by org.testng.reporters.JUnitReportReporter -->
<testsuite skipped="0" hostname="DESKTOP-UUE2DNC" name="com.icam.qa.testcases.CreateSubjectTest" tests="5" failures="0" timestamp="16 Apr 2018 11:28:32 GMT" time="76.335" errors="0">
  <testcase name="createSubjectTest" time="17.132" classname="com.icam.qa.testcases.CreateSubjectTest"/>
  <testcase name="createSubjectTest" time="14.990" classname="com.icam.qa.testcases.CreateSubjectTest"/>
  <testcase name="createSubjectTest" time="18.955" classname="com.icam.qa.testcases.CreateSubjectTest"/>
  <testcase name="createSubjectTest" time="25.184" classname="com.icam.qa.testcases.CreateSubjectTest"/>
  <testcase name="ValidateSubjectCreationTest" time="0.074" classname="com.icam.qa.testcases.CreateSubjectTest"/>
</testsuite> <!-- com.icam.qa.testcases.CreateSubjectTest -->
