<?xml version="1.0" encoding="UTF-8"?>
<!-- Generated by org.testng.reporters.JUnitReportReporter -->
<testsuite skipped="0" hostname="DESKTOP-UUE2DNC" name="com.icam.qa.testcases.SchoolNoteTest" tests="1" failures="0" timestamp="23 Oct 2018 06:09:56 GMT" time="8.707" errors="0">
  <testcase name="schooNoteTest" time="8.707" classname="com.icam.qa.testcases.SchoolNoteTest"/>
</testsuite> <!-- com.icam.qa.testcases.SchoolNoteTest -->
