<?xml version="1.0" encoding="UTF-8"?>
<!-- Generated by org.testng.reporters.JUnitReportReporter -->
<testsuite skipped="0" hostname="DESKTOP-UUE2DNC" name="com.icam.qa.testcases.CreateRecipientGroupTest" tests="1" failures="0" timestamp="08 Nov 2018 10:13:21 GMT" time="6.163" errors="0">
  <testcase name="recipientGroup" time="6.163" classname="com.icam.qa.testcases.CreateRecipientGroupTest"/>
</testsuite> <!-- com.icam.qa.testcases.CreateRecipientGroupTest -->
