<?xml version="1.0" encoding="UTF-8"?>
<!-- Generated by org.testng.reporters.JUnitReportReporter -->
<testsuite skipped="0" hostname="DESKTOP-UUE2DNC" name="com.icam.qa.testcases.CreateTicketStatusTest" tests="1" failures="0" timestamp="13 Nov 2018 05:49:41 GMT" time="2.300" errors="0">
  <testcase name="ticketStatus" time="2.300" classname="com.icam.qa.testcases.CreateTicketStatusTest"/>
</testsuite> <!-- com.icam.qa.testcases.CreateTicketStatusTest -->
