<?xml version="1.0" encoding="UTF-8"?>
<!-- Generated by org.testng.reporters.JUnitReportReporter -->
<testsuite skipped="0" hostname="DESKTOP-UUE2DNC" name="com.icam.qa.testcases.AttendanceCalendarTest" tests="2" failures="0" timestamp="03 Oct 2018 07:35:23 GMT" time="21.826" errors="0">
  <testcase name="attendanceCalendarTest" time="21.817" classname="com.icam.qa.testcases.AttendanceCalendarTest"/>
  <testcase name="validatePageTest" time="0.009" classname="com.icam.qa.testcases.AttendanceCalendarTest"/>
</testsuite> <!-- com.icam.qa.testcases.AttendanceCalendarTest -->
