<?xml version="1.0" encoding="UTF-8"?>
<!-- Generated by org.testng.reporters.JUnitReportReporter -->
<testsuite skipped="1" hostname="DESKTOP-UUE2DNC" name="com.icam.qa.testcases.CreateVoucherTypeTest" tests="2" failures="0" timestamp="05 Oct 2018 05:24:23 GMT" time="0.097" errors="0">
  <testcase name="validatePageTest" time="0.097" classname="com.icam.qa.testcases.CreateVoucherTypeTest"/>
  <testcase name="voucherCreationTest" classname="com.icam.qa.testcases.CreateVoucherTypeTest">
    <skipped/>
  </testcase> <!-- voucherCreationTest -->
</testsuite> <!-- com.icam.qa.testcases.CreateVoucherTypeTest -->
