<?xml version="1.0" encoding="UTF-8"?>
<!-- Generated by org.testng.reporters.JUnitReportReporter -->
<testsuite skipped="0" hostname="DESKTOP-UUE2DNC" name="com.icam.qa.testcases.VenueAllocationTest" tests="2" failures="0" timestamp="04 Oct 2018 07:09:25 GMT" time="6.210" errors="0">
  <testcase name="venueAllocationTest" time="6.202" classname="com.icam.qa.testcases.VenueAllocationTest"/>
  <testcase name="validatePageTest" time="0.008" classname="com.icam.qa.testcases.VenueAllocationTest"/>
</testsuite> <!-- com.icam.qa.testcases.VenueAllocationTest -->
