<?xml version="1.0" encoding="UTF-8"?>
<!-- Generated by org.testng.reporters.JUnitReportReporter -->
<testsuite skipped="0" hostname="DESKTOP-UUE2DNC" name="com.icam.qa.testcases.CreateLedgerTest" tests="2" failures="0" timestamp="04 Oct 2018 09:13:55 GMT" time="11.344" errors="0">
  <testcase name="ledgerCreationTest" time="11.337" classname="com.icam.qa.testcases.CreateLedgerTest"/>
  <testcase name="validatePageTest" time="0.007" classname="com.icam.qa.testcases.CreateLedgerTest"/>
</testsuite> <!-- com.icam.qa.testcases.CreateLedgerTest -->
