<?xml version="1.0" encoding="UTF-8"?>
<!-- Generated by org.testng.reporters.JUnitReportReporter -->
<testsuite skipped="0" hostname="DESKTOP-UUE2DNC" name="com.icam.qa.testcases.StudentAttendanceTest" tests="1" failures="0" timestamp="05 Nov 2018 05:24:34 GMT" time="7.915" errors="0">
  <testcase name="attendanceForStudent" time="7.915" classname="com.icam.qa.testcases.StudentAttendanceTest"/>
</testsuite> <!-- com.icam.qa.testcases.StudentAttendanceTest -->
