<?xml version="1.0" encoding="UTF-8"?>
<!-- Generated by org.testng.reporters.JUnitReportReporter -->
<testsuite skipped="0" hostname="DESKTOP-UUE2DNC" name="com.icam.qa.testcases.DesignationLevelMappingTest" tests="1" failures="0" timestamp="03 Oct 2018 10:34:06 GMT" time="6.262" errors="0">
  <testcase name="MappedDesignationLevelTest" time="6.262" classname="com.icam.qa.testcases.DesignationLevelMappingTest"/>
</testsuite> <!-- com.icam.qa.testcases.DesignationLevelMappingTest -->
