<?xml version="1.0" encoding="UTF-8"?>
<!-- Generated by org.testng.reporters.JUnitReportReporter -->
<testsuite skipped="0" hostname="DESKTOP-UUE2DNC" name="com.icam.qa.testcases.CreateGroupTest" tests="2" failures="0" timestamp="04 Oct 2018 07:33:36 GMT" time="6.155" errors="0">
  <testcase name="groupCreationTest" time="6.146" classname="com.icam.qa.testcases.CreateGroupTest"/>
  <testcase name="validatePageTest" time="0.009" classname="com.icam.qa.testcases.CreateGroupTest"/>
</testsuite> <!-- com.icam.qa.testcases.CreateGroupTest -->
