<?xml version="1.0" encoding="UTF-8"?>
<!-- Generated by org.testng.reporters.JUnitReportReporter -->
<testsuite skipped="0" hostname="DESKTOP-UUE2DNC" name="com.icam.qa.testcases.StudentAchievementTest" tests="2" failures="0" timestamp="21 Dec 2018 08:47:19 GMT" time="7.755" errors="0">
  <testcase name="studentAchievementTest" time="7.749" classname="com.icam.qa.testcases.StudentAchievementTest"/>
  <testcase name="validatePage" time="0.006" classname="com.icam.qa.testcases.StudentAchievementTest"/>
</testsuite> <!-- com.icam.qa.testcases.StudentAchievementTest -->
