<?xml version="1.0" encoding="UTF-8"?>
<!-- Generated by org.testng.reporters.JUnitReportReporter -->
<testsuite skipped="0" hostname="DESKTOP-UUE2DNC" name="com.icam.qa.testcases.SchoolBankDetailTest" tests="1" failures="0" timestamp="06 Apr 2018 13:43:59 GMT" time="20.153" errors="0">
  <testcase name="createSchoolBankDetailTest" time="20.153" classname="com.icam.qa.testcases.SchoolBankDetailTest"/>
</testsuite> <!-- com.icam.qa.testcases.SchoolBankDetailTest -->
