<?xml version="1.0" encoding="UTF-8"?>
<!-- Generated by org.testng.reporters.JUnitReportReporter -->
<testsuite skipped="0" hostname="DESKTOP-UUE2DNC" name="com.icam.qa.testcases.ConfigureExamSeatingTest" tests="1" failures="0" timestamp="13 Sep 2018 06:56:10 GMT" time="13.760" errors="0">
  <testcase name="examSeating" time="13.760" classname="com.icam.qa.testcases.ConfigureExamSeatingTest"/>
</testsuite> <!-- com.icam.qa.testcases.ConfigureExamSeatingTest -->
