<?xml version="1.0" encoding="UTF-8"?>
<!-- Generated by org.testng.reporters.JUnitReportReporter -->
<testsuite skipped="0" hostname="DESKTOP-UUE2DNC" name="com.icam.qa.testcases.AddHostelRoomTypeTest" tests="1" failures="0" timestamp="11 Apr 2018 11:18:30 GMT" time="4.338" errors="0">
  <testcase name="hostelRoomTypeTest" time="4.338" classname="com.icam.qa.testcases.AddHostelRoomTypeTest"/>
</testsuite> <!-- com.icam.qa.testcases.AddHostelRoomTypeTest -->
