<?xml version="1.0" encoding="UTF-8"?>
<!-- Generated by org.testng.reporters.JUnitReportReporter -->
<testsuite skipped="0" hostname="DESKTOP-UUE2DNC" name="com.icam.qa.testcases.SubjectMappingTest" tests="2" failures="0" timestamp="16 Apr 2018 11:28:32 GMT" time="9.207" errors="0">
  <testcase name="mappingSubject" time="9.205" classname="com.icam.qa.testcases.SubjectMappingTest"/>
  <testcase name="ValidateBudgetTest" time="0.002" classname="com.icam.qa.testcases.SubjectMappingTest"/>
</testsuite> <!-- com.icam.qa.testcases.SubjectMappingTest -->
