<?xml version="1.0" encoding="UTF-8"?>
<!-- Generated by org.testng.reporters.JUnitReportReporter -->
<testsuite skipped="0" hostname="DESKTOP-UUE2DNC" name="com.icam.qa.testcases.CreateFacilityTest" tests="2" failures="0" timestamp="03 Oct 2018 12:02:57 GMT" time="4.255" errors="0">
  <testcase name="facilityCreationTest" time="4.250" classname="com.icam.qa.testcases.CreateFacilityTest"/>
  <testcase name="validatePageTest" time="0.005" classname="com.icam.qa.testcases.CreateFacilityTest"/>
</testsuite> <!-- com.icam.qa.testcases.CreateFacilityTest -->
