<?xml version="1.0" encoding="UTF-8"?>
<!-- Generated by org.testng.reporters.JUnitReportReporter -->
<testsuite skipped="0" hostname="DESKTOP-UUE2DNC" name="com.icam.qa.testcases.SocialCategoryTest" tests="2" failures="0" timestamp="04 Nov 2018 05:59:13 GMT" time="5.877" errors="0">
  <testcase name="socialCatTest" time="5.873" classname="com.icam.qa.testcases.SocialCategoryTest"/>
  <testcase name="validatePage" time="0.004" classname="com.icam.qa.testcases.SocialCategoryTest"/>
</testsuite> <!-- com.icam.qa.testcases.SocialCategoryTest -->
