<?xml version="1.0" encoding="UTF-8"?>
<!-- Generated by org.testng.reporters.JUnitReportReporter -->
<testsuite skipped="0" hostname="DESKTOP-UUE2DNC" name="com.icam.qa.testcases.TeacherAttendanceTest" tests="1" failures="0" timestamp="17 Sep 2018 07:08:31 GMT" time="6.198" errors="0">
  <testcase name="teacherAttendnc" time="6.198" classname="com.icam.qa.testcases.TeacherAttendanceTest"/>
</testsuite> <!-- com.icam.qa.testcases.TeacherAttendanceTest -->
