<?xml version="1.0" encoding="UTF-8"?>
<!-- Generated by org.testng.reporters.JUnitReportReporter -->
<testsuite skipped="0" hostname="DESKTOP-UUE2DNC" name="com.icam.qa.testcases.MapRoleContactTest" tests="1" failures="0" timestamp="13 Nov 2018 08:28:16 GMT" time="9.662" errors="0">
  <testcase name="doingMapRoleCntcTest" time="9.662" classname="com.icam.qa.testcases.MapRoleContactTest"/>
</testsuite> <!-- com.icam.qa.testcases.MapRoleContactTest -->
