<?xml version="1.0" encoding="UTF-8"?>
<!-- Generated by org.testng.reporters.JUnitReportReporter -->
<testsuite skipped="0" hostname="DESKTOP-UUE2DNC" name="com.icam.qa.testcases.CreateHouseTest" tests="2" failures="0" timestamp="08 Oct 2018 06:45:17 GMT" time="5.097" errors="0">
  <testcase name="createHouseTest" time="5.088" classname="com.icam.qa.testcases.CreateHouseTest"/>
  <testcase name="validatePage" time="0.009" classname="com.icam.qa.testcases.CreateHouseTest"/>
</testsuite> <!-- com.icam.qa.testcases.CreateHouseTest -->
