<?xml version="1.0" encoding="UTF-8"?>
<!-- Generated by org.testng.reporters.JUnitReportReporter -->
<testsuite skipped="0" hostname="DESKTOP-UUE2DNC" name="com.qa.webiq.Notes" tests="1" failures="0" timestamp="02 Nov 2018 09:43:19 GMT" time="118.150" errors="0">
  <testcase name="notesTest" time="118.150" classname="com.qa.webiq.Notes"/>
</testsuite> <!-- com.qa.webiq.Notes -->
