<?xml version="1.0" encoding="UTF-8"?>
<!-- Generated by org.testng.reporters.JUnitReportReporter -->
<testsuite skipped="0" hostname="DESKTOP-UUE2DNC" name="com.icam.qa.testcases.SearchExStudentTest" tests="1" failures="0" timestamp="20 Sep 2018 08:22:32 GMT" time="10.592" errors="0">
  <testcase name="searchExStudentTest" time="10.592" classname="com.icam.qa.testcases.SearchExStudentTest"/>
</testsuite> <!-- com.icam.qa.testcases.SearchExStudentTest -->
