<?xml version="1.0" encoding="UTF-8"?>
<!-- Generated by org.testng.reporters.JUnitReportReporter -->
<testsuite skipped="0" hostname="DESKTOP-UUE2DNC" name="com.icam.qa.testcases.UploadAssignmentTest" tests="1" failures="0" timestamp="17 Sep 2018 07:07:31 GMT" time="9.139" errors="0">
  <testcase name="uploadAssignTest" time="9.139" classname="com.icam.qa.testcases.UploadAssignmentTest"/>
</testsuite> <!-- com.icam.qa.testcases.UploadAssignmentTest -->
