<?xml version="1.0" encoding="UTF-8"?>
<!-- Generated by org.testng.reporters.JUnitReportReporter -->
<testsuite skipped="0" hostname="DESKTOP-UUE2DNC" name="com.icam.qa.testcases.CreateLocationTest" tests="1" failures="0" timestamp="26 Mar 2018 09:52:10 GMT" time="17.951" errors="0">
  <testcase name="createLocationTest" time="17.951" classname="com.icam.qa.testcases.CreateLocationTest"/>
</testsuite> <!-- com.icam.qa.testcases.CreateLocationTest -->
