<?xml version="1.0" encoding="UTF-8"?>
<!-- Generated by org.testng.reporters.JUnitReportReporter -->
<testsuite skipped="1" hostname="DESKTOP-UUE2DNC" name="com.icam.qa.testcases.AccessionRegisterTest" tests="1" failures="0" timestamp="14 Sep 2018 09:37:52 GMT" time="0.000" errors="0">
  <testcase name="accesionRegisTest" time="0.000" classname="com.icam.qa.testcases.AccessionRegisterTest">
    <skipped/>
  </testcase> <!-- accesionRegisTest -->
</testsuite> <!-- com.icam.qa.testcases.AccessionRegisterTest -->
