<?xml version="1.0" encoding="UTF-8"?>
<!-- Generated by org.testng.reporters.JUnitReportReporter -->
<testsuite skipped="0" hostname="DESKTOP-UUE2DNC" name="com.icam.qa.testcases.TcTest" tests="1" failures="0" timestamp="20 Sep 2018 10:34:33 GMT" time="5.746" errors="0">
  <testcase name="generateTcTest" time="5.746" classname="com.icam.qa.testcases.TcTest"/>
</testsuite> <!-- com.icam.qa.testcases.TcTest -->
