<?xml version="1.0" encoding="UTF-8"?>
<!-- Generated by org.testng.reporters.JUnitReportReporter -->
<testsuite skipped="0" hostname="DESKTOP-UUE2DNC" name="com.icam.qa.testcases.CreateResidenceTypeTest" tests="2" failures="0" timestamp="05 Oct 2018 06:41:35 GMT" time="5.484" errors="0">
  <testcase name="residenceType" time="5.447" classname="com.icam.qa.testcases.CreateResidenceTypeTest"/>
  <testcase name="validatePageTest" time="0.037" classname="com.icam.qa.testcases.CreateResidenceTypeTest"/>
</testsuite> <!-- com.icam.qa.testcases.CreateResidenceTypeTest -->
