<?xml version="1.0" encoding="UTF-8"?>
<!-- Generated by org.testng.reporters.JUnitReportReporter -->
<testsuite skipped="0" hostname="DESKTOP-UUE2DNC" name="com.icam.qa.testcases.TeacherAttendanceTest" tests="1" failures="0" timestamp="13 Sep 2018 09:02:05 GMT" time="7.373" errors="0">
  <testcase name="teacherAttendnc" time="7.373" classname="com.icam.qa.testcases.TeacherAttendanceTest"/>
</testsuite> <!-- com.icam.qa.testcases.TeacherAttendanceTest -->
