<?xml version="1.0" encoding="UTF-8"?>
<!-- Generated by org.testng.reporters.JUnitReportReporter -->
<testsuite skipped="0" hostname="DESKTOP-UUE2DNC" name="com.icam.qa.testcases.SchoolNoteTest" tests="1" failures="0" timestamp="02 Nov 2018 10:57:00 GMT" time="5.980" errors="0">
  <testcase name="schooNoteTest" time="5.980" classname="com.icam.qa.testcases.SchoolNoteTest"/>
</testsuite> <!-- com.icam.qa.testcases.SchoolNoteTest -->
