<?xml version="1.0" encoding="UTF-8"?>
<!-- Generated by org.testng.reporters.JUnitReportReporter -->
<testsuite skipped="0" hostname="DESKTOP-UUE2DNC" name="com.icam.qa.testcases.BookLendingReportTest" tests="1" failures="0" timestamp="28 Sep 2018 08:47:45 GMT" time="5.454" errors="0">
  <testcase name="lendingBookTest" time="5.454" classname="com.icam.qa.testcases.BookLendingReportTest"/>
</testsuite> <!-- com.icam.qa.testcases.BookLendingReportTest -->
