<?xml version="1.0" encoding="UTF-8"?>
<!-- Generated by org.testng.reporters.JUnitReportReporter -->
<testsuite skipped="0" hostname="DESKTOP-UUE2DNC" name="com.icam.qa.testcases.CourseTypeTest" tests="3" failures="0" timestamp="16 Apr 2018 11:28:32 GMT" time="25.839" errors="0">
  <testcase name="createNewCourseType" time="14.051" classname="com.icam.qa.testcases.CourseTypeTest"/>
  <testcase name="createNewCourseType" time="11.786" classname="com.icam.qa.testcases.CourseTypeTest"/>
  <testcase name="validateCourseTypeTest" time="0.002" classname="com.icam.qa.testcases.CourseTypeTest"/>
</testsuite> <!-- com.icam.qa.testcases.CourseTypeTest -->
