<?xml version="1.0" encoding="UTF-8"?>
<!-- Generated by org.testng.reporters.JUnitReportReporter -->
<testsuite skipped="0" hostname="DESKTOP-UUE2DNC" name="com.icam.qa.testcases.NominalRollListTest" tests="1" failures="0" timestamp="19 Sep 2018 12:31:48 GMT" time="5.279" errors="0">
  <testcase name="NominalRollLstTest" time="5.279" classname="com.icam.qa.testcases.NominalRollListTest"/>
</testsuite> <!-- com.icam.qa.testcases.NominalRollListTest -->
