<?xml version="1.0" encoding="UTF-8"?>
<!-- Generated by org.testng.reporters.JUnitReportReporter -->
<testsuite skipped="0" hostname="DESKTOP-UUE2DNC" name="com.icam.qa.testcases.HouseResidenceMappingTest" tests="2" failures="0" timestamp="08 Oct 2018 07:14:23 GMT" time="5.489" errors="0">
  <testcase name="houseResMapping" time="5.482" classname="com.icam.qa.testcases.HouseResidenceMappingTest"/>
  <testcase name="validatePage" time="0.007" classname="com.icam.qa.testcases.HouseResidenceMappingTest"/>
</testsuite> <!-- com.icam.qa.testcases.HouseResidenceMappingTest -->
