<?xml version="1.0" encoding="UTF-8"?>
<!-- Generated by org.testng.reporters.JUnitReportReporter -->
<testsuite skipped="0" hostname="DESKTOP-UUE2DNC" name="com.icam.qa.testcases.CreateEventTest" tests="2" failures="0" timestamp="19 Sep 2018 12:13:12 GMT" time="16.066" errors="0">
  <testcase name="eventCreationTest" time="4.867" classname="com.icam.qa.testcases.CreateEventTest"/>
  <testcase name="eventCreationTest" time="11.199" classname="com.icam.qa.testcases.CreateEventTest"/>
</testsuite> <!-- com.icam.qa.testcases.CreateEventTest -->
