<?xml version="1.0" encoding="UTF-8"?>
<!-- Generated by org.testng.reporters.JUnitReportReporter -->
<testsuite skipped="0" hostname="DESKTOP-UUE2DNC" name="com.icam.qa.testcases.StudentAttendanceTest" tests="1" failures="0" timestamp="13 Sep 2018 07:32:57 GMT" time="7.287" errors="0">
  <testcase name="attendanceForStudent" time="7.287" classname="com.icam.qa.testcases.StudentAttendanceTest"/>
</testsuite> <!-- com.icam.qa.testcases.StudentAttendanceTest -->
