<?xml version="1.0" encoding="UTF-8"?>
<!-- Generated by org.testng.reporters.JUnitReportReporter -->
<testsuite skipped="0" hostname="DESKTOP-UUE2DNC" name="com.icam.qa.testcases.NominalRollListTest" tests="1" failures="0" timestamp="28 Sep 2018 05:19:08 GMT" time="5.441" errors="0">
  <testcase name="NominalRollLstTest" time="5.441" classname="com.icam.qa.testcases.NominalRollListTest"/>
</testsuite> <!-- com.icam.qa.testcases.NominalRollListTest -->
