<?xml version="1.0" encoding="UTF-8"?>
<!-- Generated by org.testng.reporters.JUnitReportReporter -->
<testsuite skipped="0" hostname="DESKTOP-UUE2DNC" name="com.icam.qa.testcases.CreateTaskTest" tests="1" failures="0" timestamp="09 Nov 2018 09:50:06 GMT" time="9.847" errors="0">
  <testcase name="createTaskTest" time="9.847" classname="com.icam.qa.testcases.CreateTaskTest"/>
</testsuite> <!-- com.icam.qa.testcases.CreateTaskTest -->
