<?xml version="1.0" encoding="UTF-8"?>
<!-- Generated by org.testng.reporters.JUnitReportReporter -->
<testsuite skipped="0" hostname="DESKTOP-UUE2DNC" name="com.icam.qa.testcases.SalaryTemplateTest" tests="1" failures="0" timestamp="13 Apr 2018 06:10:09 GMT" time="13.260" errors="0">
  <testcase name="createSalaryTemplateTest" time="13.260" classname="com.icam.qa.testcases.SalaryTemplateTest"/>
</testsuite> <!-- com.icam.qa.testcases.SalaryTemplateTest -->
