<?xml version="1.0" encoding="UTF-8"?>
<!-- Generated by org.testng.reporters.JUnitReportReporter -->
<testsuite skipped="0" hostname="DESKTOP-UUE2DNC" name="com.icam.qa.testcases.CreateTaskStatusTest" tests="1" failures="0" timestamp="13 Nov 2018 05:25:09 GMT" time="3.857" errors="0">
  <testcase name="createTaskStatusTest" time="3.857" classname="com.icam.qa.testcases.CreateTaskStatusTest"/>
</testsuite> <!-- com.icam.qa.testcases.CreateTaskStatusTest -->
