<?xml version="1.0" encoding="UTF-8"?>
<!-- Generated by org.testng.reporters.JUnitReportReporter -->
<testsuite skipped="0" hostname="DESKTOP-UUE2DNC" name="com.icam.qa.testcases.SearchExStudentTest" tests="1" failures="0" timestamp="20 Sep 2018 10:41:16 GMT" time="5.618" errors="0">
  <testcase name="searchExStudentTest" time="5.618" classname="com.icam.qa.testcases.SearchExStudentTest"/>
</testsuite> <!-- com.icam.qa.testcases.SearchExStudentTest -->
