<?xml version="1.0" encoding="UTF-8"?>
<!-- Generated by org.testng.reporters.JUnitReportReporter -->
<testsuite skipped="0" hostname="DESKTOP-UUE2DNC" name="com.icam.qa.testcases.SchoolNoteTest" tests="1" failures="0" timestamp="28 Sep 2018 09:44:37 GMT" time="6.110" errors="0">
  <testcase name="schooNoteTest" time="6.110" classname="com.icam.qa.testcases.SchoolNoteTest"/>
</testsuite> <!-- com.icam.qa.testcases.SchoolNoteTest -->
