<?xml version="1.0" encoding="UTF-8"?>
<!-- Generated by org.testng.reporters.JUnitReportReporter -->
<testsuite skipped="0" hostname="DESKTOP-UUE2DNC" name="com.icam.qa.testcases.UploadTeacherAttendanceTest" tests="2" failures="0" timestamp="03 Oct 2018 08:08:58 GMT" time="5.699" errors="0">
  <testcase name="teacherAttendance" time="5.692" classname="com.icam.qa.testcases.UploadTeacherAttendanceTest"/>
  <testcase name="validatePage" time="0.007" classname="com.icam.qa.testcases.UploadTeacherAttendanceTest"/>
</testsuite> <!-- com.icam.qa.testcases.UploadTeacherAttendanceTest -->
