<?xml version="1.0" encoding="UTF-8"?>
<!-- Generated by org.testng.reporters.JUnitReportReporter -->
<testsuite skipped="0" hostname="DESKTOP-UUE2DNC" name="com.icam.qa.testcases.FacilityDeActivationTest" tests="2" failures="0" timestamp="04 Oct 2018 05:39:15 GMT" time="4.740" errors="0">
  <testcase name="facilityDeActivationTest" time="4.734" classname="com.icam.qa.testcases.FacilityDeActivationTest"/>
  <testcase name="validatePageTest" time="0.006" classname="com.icam.qa.testcases.FacilityDeActivationTest"/>
</testsuite> <!-- com.icam.qa.testcases.FacilityDeActivationTest -->
