<?xml version="1.0" encoding="UTF-8"?>
<!-- Generated by org.testng.reporters.JUnitReportReporter -->
<testsuite skipped="0" hostname="DESKTOP-UUE2DNC" name="com.icam.qa.testcases.BookAllocationReportTest" tests="1" failures="0" timestamp="28 Sep 2018 06:13:15 GMT" time="7.220" errors="0">
  <testcase name="bookAllocationReportTest" time="7.220" classname="com.icam.qa.testcases.BookAllocationReportTest"/>
</testsuite> <!-- com.icam.qa.testcases.BookAllocationReportTest -->
