<?xml version="1.0" encoding="UTF-8"?>
<!-- Generated by org.testng.reporters.JUnitReportReporter -->
<testsuite skipped="0" hostname="DESKTOP-UUE2DNC" name="com.icam.qa.testcases.RoleContactMappingListTest" tests="2" failures="0" timestamp="23 Oct 2018 09:53:11 GMT" time="6.102" errors="0">
  <testcase name="roleMapListTest" time="6.094" classname="com.icam.qa.testcases.RoleContactMappingListTest"/>
  <testcase name="validateTitle" time="0.008" classname="com.icam.qa.testcases.RoleContactMappingListTest"/>
</testsuite> <!-- com.icam.qa.testcases.RoleContactMappingListTest -->
