<?xml version="1.0" encoding="UTF-8"?>
<!-- Generated by org.testng.reporters.JUnitReportReporter -->
<testsuite skipped="0" hostname="DESKTOP-UUE2DNC" name="com.icam.qa.testcases.CreateNewStudentTest" tests="1" failures="0" timestamp="08 Nov 2018 07:15:50 GMT" time="34.386" errors="0">
  <testcase name="createStudent" time="34.386" classname="com.icam.qa.testcases.CreateNewStudentTest"/>
</testsuite> <!-- com.icam.qa.testcases.CreateNewStudentTest -->
