<?xml version="1.0" encoding="UTF-8"?>
<!-- Generated by org.testng.reporters.JUnitReportReporter -->
<testsuite skipped="0" hostname="DESKTOP-UUE2DNC" name="com.icam.qa.testcases.CurrentOpeningTest" tests="2" failures="0" timestamp="16 Apr 2018 08:42:18 GMT" time="10.006" errors="0">
  <testcase name="openingForCurrentDriveTest" time="10.000" classname="com.icam.qa.testcases.CurrentOpeningTest"/>
  <testcase name="validateAdmissionDrivePageTest" time="0.006" classname="com.icam.qa.testcases.CurrentOpeningTest"/>
</testsuite> <!-- com.icam.qa.testcases.CurrentOpeningTest -->
