<?xml version="1.0" encoding="UTF-8"?>
<!-- Generated by org.testng.reporters.JUnitReportReporter -->
<testsuite skipped="0" hostname="DESKTOP-UUE2DNC" name="com.icam.qa.testcases.StudentAchievementTest" tests="2" failures="0" timestamp="04 Nov 2018 05:51:00 GMT" time="5.724" errors="0">
  <testcase name="studentAchievementTest" time="5.717" classname="com.icam.qa.testcases.StudentAchievementTest"/>
  <testcase name="validatePage" time="0.007" classname="com.icam.qa.testcases.StudentAchievementTest"/>
</testsuite> <!-- com.icam.qa.testcases.StudentAchievementTest -->
