<?xml version="1.0" encoding="UTF-8"?>
<!-- Generated by org.testng.reporters.JUnitReportReporter -->
<testsuite skipped="0" hostname="DESKTOP-UUE2DNC" name="com.icam.qa.testcases.CreateCategoryRecipientTest" tests="1" failures="0" timestamp="08 Nov 2018 05:26:24 GMT" time="4.602" errors="0">
  <testcase name="createCatRecp" time="4.602" classname="com.icam.qa.testcases.CreateCategoryRecipientTest"/>
</testsuite> <!-- com.icam.qa.testcases.CreateCategoryRecipientTest -->
