<?xml version="1.0" encoding="UTF-8"?>
<!-- Generated by org.testng.reporters.JUnitReportReporter -->
<testsuite skipped="0" hostname="DESKTOP-UUE2DNC" name="com.icam.qa.testcases.StudentAttendanceTest" tests="1" failures="0" timestamp="21 Dec 2018 08:50:54 GMT" time="8.933" errors="0">
  <testcase name="attendanceForStudent" time="8.933" classname="com.icam.qa.testcases.StudentAttendanceTest"/>
</testsuite> <!-- com.icam.qa.testcases.StudentAttendanceTest -->
