<?xml version="1.0" encoding="UTF-8"?>
<!-- Generated by org.testng.reporters.JUnitReportReporter -->
<testsuite skipped="0" hostname="DESKTOP-UUE2DNC" name="com.icam.qa.testcases.AddRoomTypeTest" tests="2" failures="0" timestamp="08 Oct 2018 11:52:32 GMT" time="5.430" errors="0">
  <testcase name="addRoomTypTest" time="5.389" classname="com.icam.qa.testcases.AddRoomTypeTest"/>
  <testcase name="validatePage" time="0.041" classname="com.icam.qa.testcases.AddRoomTypeTest"/>
</testsuite> <!-- com.icam.qa.testcases.AddRoomTypeTest -->
