<?xml version="1.0" encoding="UTF-8"?>
<!-- Generated by org.testng.reporters.JUnitReportReporter -->
<testsuite skipped="0" hostname="DESKTOP-UUE2DNC" name="com.icam.qa.testcases.AddDepartmentTest" tests="4" failures="0" timestamp="08 Apr 2018 14:43:57 GMT" time="36.932" errors="0">
  <testcase name="addDepartment" time="13.625" classname="com.icam.qa.testcases.AddDepartmentTest"/>
  <testcase name="addDepartment" time="11.231" classname="com.icam.qa.testcases.AddDepartmentTest"/>
  <testcase name="addDepartment" time="12.075" classname="com.icam.qa.testcases.AddDepartmentTest"/>
  <testcase name="ValidateBudgetTest" time="0.001" classname="com.icam.qa.testcases.AddDepartmentTest"/>
</testsuite> <!-- com.icam.qa.testcases.AddDepartmentTest -->
