<?xml version="1.0" encoding="UTF-8"?>
<!-- Generated by org.testng.reporters.JUnitReportReporter -->
<testsuite skipped="0" hostname="DESKTOP-UUE2DNC" name="com.icam.qa.testcases.StudentAchievementTest" tests="2" failures="0" timestamp="03 Oct 2018 06:20:52 GMT" time="5.397" errors="0">
  <testcase name="studentAchievementTest" time="5.389" classname="com.icam.qa.testcases.StudentAchievementTest"/>
  <testcase name="validatePage" time="0.008" classname="com.icam.qa.testcases.StudentAchievementTest"/>
</testsuite> <!-- com.icam.qa.testcases.StudentAchievementTest -->
