<?xml version="1.0" encoding="UTF-8"?>
<!-- Generated by org.testng.reporters.JUnitReportReporter -->
<testsuite skipped="0" hostname="DESKTOP-UUE2DNC" name="com.icam.qa.testcases.UploadAssignmentTest" tests="1" failures="0" timestamp="13 Nov 2018 09:01:02 GMT" time="8.999" errors="0">
  <testcase name="uploadAssignTest" time="8.999" classname="com.icam.qa.testcases.UploadAssignmentTest"/>
</testsuite> <!-- com.icam.qa.testcases.UploadAssignmentTest -->
