<?xml version="1.0" encoding="UTF-8"?>
<!-- Generated by org.testng.reporters.JUnitReportReporter -->
<testsuite skipped="0" hostname="DESKTOP-UUE2DNC" name="com.icam.qa.testcases.CreateEventTest" tests="2" failures="0" timestamp="20 Sep 2018 05:15:16 GMT" time="23.979" errors="0">
  <testcase name="eventCreationTest" time="12.535" classname="com.icam.qa.testcases.CreateEventTest"/>
  <testcase name="eventCreationTest" time="11.444" classname="com.icam.qa.testcases.CreateEventTest"/>
</testsuite> <!-- com.icam.qa.testcases.CreateEventTest -->
