<?xml version="1.0" encoding="UTF-8"?>
<!-- Generated by org.testng.reporters.JUnitReportReporter -->
<testsuite skipped="0" hostname="DESKTOP-UUE2DNC" name="com.icam.qa.testcases.EmployeeDetailsTest" tests="1" failures="0" timestamp="13 Nov 2018 06:44:48 GMT" time="43.822" errors="0">
  <testcase name="employeeCreationTest" time="43.822" classname="com.icam.qa.testcases.EmployeeDetailsTest"/>
</testsuite> <!-- com.icam.qa.testcases.EmployeeDetailsTest -->
