<?xml version="1.0" encoding="UTF-8"?>
<!-- Generated by org.testng.reporters.JUnitReportReporter -->
<testsuite skipped="0" hostname="DESKTOP-UUE2DNC" name="com.icam.qa.testcases.UpdateHouseCadetTest" tests="2" failures="0" timestamp="08 Oct 2018 09:01:56 GMT" time="5.818" errors="0">
  <testcase name="updateHouseCadetTest" time="5.810" classname="com.icam.qa.testcases.UpdateHouseCadetTest"/>
  <testcase name="validatePage" time="0.008" classname="com.icam.qa.testcases.UpdateHouseCadetTest"/>
</testsuite> <!-- com.icam.qa.testcases.UpdateHouseCadetTest -->
