<?xml version="1.0" encoding="UTF-8"?>
<!-- Generated by org.testng.reporters.JUnitReportReporter -->
<testsuite skipped="0" hostname="DESKTOP-UUE2DNC" name="com.icam.qa.testcases.CreateEventTest" tests="2" failures="0" timestamp="04 Nov 2018 05:43:02 GMT" time="24.757" errors="0">
  <testcase name="eventCreationTest" time="11.733" classname="com.icam.qa.testcases.CreateEventTest"/>
  <testcase name="eventCreationTest" time="13.024" classname="com.icam.qa.testcases.CreateEventTest"/>
</testsuite> <!-- com.icam.qa.testcases.CreateEventTest -->
