<?xml version="1.0" encoding="UTF-8"?>
<!-- Generated by org.testng.reporters.JUnitReportReporter -->
<testsuite skipped="0" hostname="DESKTOP-UUE2DNC" name="com.icam.qa.testcases.BookReportTest" tests="1" failures="0" timestamp="28 Sep 2018 05:43:01 GMT" time="5.665" errors="0">
  <testcase name="generateBookReportTest" time="5.665" classname="com.icam.qa.testcases.BookReportTest"/>
</testsuite> <!-- com.icam.qa.testcases.BookReportTest -->
