<?xml version="1.0" encoding="UTF-8"?>
<!-- Generated by org.testng.reporters.JUnitReportReporter -->
<testsuite skipped="0" hostname="DESKTOP-UUE2DNC" name="com.icam.qa.testcases.GenerateTicketTest" tests="1" failures="0" timestamp="13 Nov 2018 07:14:58 GMT" time="6.083" errors="0">
  <testcase name="generatingTicketTest" time="6.083" classname="com.icam.qa.testcases.GenerateTicketTest"/>
</testsuite> <!-- com.icam.qa.testcases.GenerateTicketTest -->
