<?xml version="1.0" encoding="UTF-8"?>
<!-- Generated by org.testng.reporters.JUnitReportReporter -->
<testsuite skipped="0" hostname="DESKTOP-UUE2DNC" name="com.icam.qa.testcases.CreateEventTest" tests="1" failures="0" timestamp="19 Sep 2018 11:59:38 GMT" time="3.892" errors="0">
  <testcase name="eventCreationTest" time="3.892" classname="com.icam.qa.testcases.CreateEventTest"/>
</testsuite> <!-- com.icam.qa.testcases.CreateEventTest -->
