<?xml version="1.0" encoding="UTF-8"?>
<!-- Generated by org.testng.reporters.JUnitReportReporter -->
<testsuite skipped="0" hostname="DESKTOP-UUE2DNC" name="com.icam.qa.testcases.CreateDisciplinaryCodeTest" tests="2" failures="0" timestamp="05 Nov 2018 06:24:52 GMT" time="4.625" errors="0">
  <testcase name="pageValidation" time="0.007" classname="com.icam.qa.testcases.CreateDisciplinaryCodeTest"/>
  <testcase name="createDisciplinaryTest" time="4.618" classname="com.icam.qa.testcases.CreateDisciplinaryCodeTest"/>
</testsuite> <!-- com.icam.qa.testcases.CreateDisciplinaryCodeTest -->
