<?xml version="1.0" encoding="UTF-8"?>
<!-- Generated by org.testng.reporters.JUnitReportReporter -->
<testsuite skipped="0" hostname="DESKTOP-UUE2DNC" name="com.icam.qa.testcases.ClassTeacherTest" tests="2" failures="0" timestamp="01 Oct 2018 07:17:09 GMT" time="6.301" errors="0">
  <testcase name="classTeacherTest" time="6.291" classname="com.icam.qa.testcases.ClassTeacherTest"/>
  <testcase name="validateCreateClassTeacherPage" time="0.010" classname="com.icam.qa.testcases.ClassTeacherTest"/>
</testsuite> <!-- com.icam.qa.testcases.ClassTeacherTest -->
