<?xml version="1.0" encoding="UTF-8"?>
<!-- Generated by org.testng.reporters.JUnitReportReporter -->
<testsuite skipped="0" hostname="DESKTOP-UUE2DNC" name="com.icam.qa.testcases.CreateDisciplinaryCodeTest" tests="2" failures="0" timestamp="21 Dec 2018 08:37:59 GMT" time="4.905" errors="0">
  <testcase name="pageValidation" time="0.017" classname="com.icam.qa.testcases.CreateDisciplinaryCodeTest"/>
  <testcase name="createDisciplinaryTest" time="4.888" classname="com.icam.qa.testcases.CreateDisciplinaryCodeTest"/>
</testsuite> <!-- com.icam.qa.testcases.CreateDisciplinaryCodeTest -->
