<?xml version="1.0" encoding="UTF-8"?>
<!-- Generated by org.testng.reporters.JUnitReportReporter -->
<testsuite skipped="0" hostname="DESKTOP-UUE2DNC" name="com.icam.qa.testcases.DisciplinaryActionTest" tests="2" failures="0" timestamp="21 Dec 2018 09:00:53 GMT" time="5.425" errors="0">
  <testcase name="disciplinaryActionsTest" time="5.419" classname="com.icam.qa.testcases.DisciplinaryActionTest"/>
  <testcase name="pageValidateTest" time="0.006" classname="com.icam.qa.testcases.DisciplinaryActionTest"/>
</testsuite> <!-- com.icam.qa.testcases.DisciplinaryActionTest -->
