<?xml version="1.0" encoding="UTF-8"?>
<!-- Generated by org.testng.reporters.JUnitReportReporter -->
<testsuite skipped="0" hostname="DESKTOP-UUE2DNC" name="com.icam.qa.testcases.TaxSetUpTest" tests="2" failures="0" timestamp="04 Oct 2018 11:47:47 GMT" time="5.230" errors="0">
  <testcase name="taxSetupTest" time="5.222" classname="com.icam.qa.testcases.TaxSetUpTest"/>
  <testcase name="validatePage" time="0.008" classname="com.icam.qa.testcases.TaxSetUpTest"/>
</testsuite> <!-- com.icam.qa.testcases.TaxSetUpTest -->
