<?xml version="1.0" encoding="UTF-8"?>
<!-- Generated by org.testng.reporters.JUnitReportReporter -->
<testsuite skipped="0" hostname="DESKTOP-UUE2DNC" name="com.qa.webiq.Events" tests="1" failures="0" timestamp="04 Nov 2018 05:43:02 GMT" time="53.244" errors="0">
  <testcase name="eventsTest" time="53.244" classname="com.qa.webiq.Events"/>
</testsuite> <!-- com.qa.webiq.Events -->
