<?xml version="1.0" encoding="UTF-8"?>
<!-- Generated by org.testng.reporters.JUnitReportReporter -->
<testsuite skipped="0" hostname="DESKTOP-UUE2DNC" name="com.icam.qa.testcases.CreateFeeStructureTest" tests="2" failures="0" timestamp="16 Apr 2018 05:57:04 GMT" time="9.924" errors="0">
  <testcase name="createFeesStructure" time="9.911" classname="com.icam.qa.testcases.CreateFeeStructureTest"/>
  <testcase name="ValidateBudgetTest" time="0.013" classname="com.icam.qa.testcases.CreateFeeStructureTest"/>
</testsuite> <!-- com.icam.qa.testcases.CreateFeeStructureTest -->
