<?xml version="1.0" encoding="UTF-8"?>
<!-- Generated by org.testng.reporters.JUnitReportReporter -->
<testsuite skipped="0" hostname="DESKTOP-UUE2DNC" name="com.icam.qa.testcases.UploadAssignmentTest" tests="1" failures="0" timestamp="10 Sep 2018 09:51:23 GMT" time="9.362" errors="0">
  <testcase name="uploadAssignTest" time="9.362" classname="com.icam.qa.testcases.UploadAssignmentTest"/>
</testsuite> <!-- com.icam.qa.testcases.UploadAssignmentTest -->
