<?xml version="1.0" encoding="UTF-8"?>
<!-- Generated by org.testng.reporters.JUnitReportReporter -->
<testsuite skipped="0" hostname="DESKTOP-UUE2DNC" name="com.icam.qa.testcases.GenerateConsolidateMarksTest" tests="1" failures="0" timestamp="11 Sep 2018 09:07:12 GMT" time="5.406" errors="0">
  <testcase name="generateConMark" time="5.406" classname="com.icam.qa.testcases.GenerateConsolidateMarksTest"/>
</testsuite> <!-- com.icam.qa.testcases.GenerateConsolidateMarksTest -->
