<?xml version="1.0" encoding="UTF-8"?>
<!-- Generated by org.testng.reporters.JUnitReportReporter -->
<testsuite skipped="0" hostname="DESKTOP-UUE2DNC" name="com.icam.qa.testcases.TeacherListTest" tests="1" failures="0" timestamp="13 Mar 2018 09:41:59 GMT" time="24.532" errors="0">
  <testcase name="teacherListTest" time="24.532" classname="com.icam.qa.testcases.TeacherListTest"/>
</testsuite> <!-- com.icam.qa.testcases.TeacherListTest -->
