<?xml version="1.0" encoding="UTF-8"?>
<!-- Generated by org.testng.reporters.JUnitReportReporter -->
<testsuite skipped="0" hostname="DESKTOP-UUE2DNC" name="com.icam.qa.testcases.ScheduleTest" tests="2" failures="0" timestamp="06 Apr 2018 13:42:56 GMT" time="17.116" errors="0">
  <testcase name="scheduleTest" time="17.080" classname="com.icam.qa.testcases.ScheduleTest"/>
  <testcase name="validateScheduleTest" time="0.036" classname="com.icam.qa.testcases.ScheduleTest"/>
</testsuite> <!-- com.icam.qa.testcases.ScheduleTest -->
