<?xml version="1.0" encoding="UTF-8"?>
<!-- Generated by org.testng.reporters.JUnitReportReporter -->
<testsuite skipped="0" hostname="DESKTOP-UUE2DNC" name="com.icam.qa.testcases.EditStudentStandardSubjectMappingTest" tests="2" failures="0" timestamp="06 Apr 2018 13:32:36 GMT" time="21.863" errors="0">
  <testcase name="editStdntSubMapTest" time="21.857" classname="com.icam.qa.testcases.EditStudentStandardSubjectMappingTest"/>
  <testcase name="validateEditStudentSubMapping" time="0.006" classname="com.icam.qa.testcases.EditStudentStandardSubjectMappingTest"/>
</testsuite> <!-- com.icam.qa.testcases.EditStudentStandardSubjectMappingTest -->
