<?xml version="1.0" encoding="UTF-8"?>
<!-- Generated by org.testng.reporters.JUnitReportReporter -->
<testsuite skipped="0" hostname="DESKTOP-UUE2DNC" name="com.icam.qa.testcases.AddNewVendorTest" tests="2" failures="0" timestamp="08 Apr 2018 14:18:21 GMT" time="53.375" errors="0">
  <testcase name="vendorCreationTest" time="27.279" classname="com.icam.qa.testcases.AddNewVendorTest"/>
  <testcase name="vendorCreationTest" time="26.096" classname="com.icam.qa.testcases.AddNewVendorTest"/>
</testsuite> <!-- com.icam.qa.testcases.AddNewVendorTest -->
