<?xml version="1.0" encoding="UTF-8"?>
<!-- Generated by org.testng.reporters.JUnitReportReporter -->
<testsuite skipped="0" hostname="DESKTOP-UUE2DNC" name="com.icam.qa.testcases.CommodityAllotmentHistoryTest" tests="1" failures="0" timestamp="21 Mar 2018 08:55:33 GMT" time="2.211" errors="0">
  <testcase name="checkCommodityAllotHistTest" time="2.211" classname="com.icam.qa.testcases.CommodityAllotmentHistoryTest"/>
</testsuite> <!-- com.icam.qa.testcases.CommodityAllotmentHistoryTest -->
