<?xml version="1.0" encoding="UTF-8"?>
<!-- Generated by org.testng.reporters.JUnitReportReporter -->
<testsuite skipped="0" hostname="DESKTOP-UUE2DNC" name="com.icam.qa.testcases.BookCatalogTest" tests="1" failures="0" timestamp="06 Apr 2018 05:43:38 GMT" time="15.056" errors="0">
  <testcase name="addBookToCatalogTest" time="15.056" classname="com.icam.qa.testcases.BookCatalogTest"/>
</testsuite> <!-- com.icam.qa.testcases.BookCatalogTest -->
