<?xml version="1.0" encoding="UTF-8"?>
<!-- Generated by org.testng.reporters.JUnitReportReporter -->
<testsuite skipped="0" hostname="DESKTOP-UUE2DNC" name="com.icam.qa.testcases.CreateNewRoleTest" tests="2" failures="0" timestamp="06 Apr 2018 06:00:52 GMT" time="5.579" errors="0">
  <testcase name="CreateRoleTest" time="5.573" classname="com.icam.qa.testcases.CreateNewRoleTest"/>
  <testcase name="ValidateRolePageTest" time="0.006" classname="com.icam.qa.testcases.CreateNewRoleTest"/>
</testsuite> <!-- com.icam.qa.testcases.CreateNewRoleTest -->
