<?xml version="1.0" encoding="UTF-8"?>
<!-- Generated by org.testng.reporters.JUnitReportReporter -->
<testsuite skipped="0" hostname="DESKTOP-UUE2DNC" name="com.icam.qa.testcases.UploadQuestionPaperTest" tests="1" failures="0" timestamp="10 Sep 2018 09:08:22 GMT" time="8.050" errors="0">
  <testcase name="uploadQustionPaper" time="8.050" classname="com.icam.qa.testcases.UploadQuestionPaperTest"/>
</testsuite> <!-- com.icam.qa.testcases.UploadQuestionPaperTest -->
