<?xml version="1.0" encoding="UTF-8"?>
<!-- Generated by org.testng.reporters.JUnitReportReporter -->
<testsuite skipped="0" hostname="DESKTOP-UUE2DNC" name="com.icam.qa.testcases.CreateFeeTemplateTest" tests="4" failures="0" timestamp="16 Apr 2018 06:16:27 GMT" time="6.130" errors="0">
  <testcase name="createFeeTemplate" time="6.107" classname="com.icam.qa.testcases.CreateFeeTemplateTest"/>
  <testcase name="ValidateBudgetTest" time="0.005" classname="com.icam.qa.testcases.CreateFeeTemplateTest"/>
  <testcase name="ValidateBudgetTest" time="0.013" classname="com.icam.qa.testcases.CreateFeeTemplateTest"/>
  <testcase name="ValidateBudgetTest" time="0.005" classname="com.icam.qa.testcases.CreateFeeTemplateTest"/>
</testsuite> <!-- com.icam.qa.testcases.CreateFeeTemplateTest -->
