<?xml version="1.0" encoding="UTF-8"?>
<!-- Generated by org.testng.reporters.JUnitReportReporter -->
<testsuite skipped="0" hostname="DESKTOP-UUE2DNC" name="com.icam.qa.testcases.VendorTypeTest" tests="1" failures="0" timestamp="05 Mar 2018 11:39:29 GMT" time="21.034" errors="0">
  <testcase name="createNewVendorType" time="21.034" classname="com.icam.qa.testcases.VendorTypeTest"/>
</testsuite> <!-- com.icam.qa.testcases.VendorTypeTest -->
