<?xml version="1.0" encoding="UTF-8"?>
<!-- Generated by org.testng.reporters.JUnitReportReporter -->
<testsuite skipped="0" hostname="DESKTOP-UUE2DNC" name="com.icam.qa.testcases.TeacherInterviewTest" tests="2" failures="0" timestamp="05 Apr 2018 09:16:10 GMT" time="5.129" errors="0">
  <testcase name="teacherInterviewTest" time="5.119" classname="com.icam.qa.testcases.TeacherInterviewTest"/>
  <testcase name="validateScheduleTest" time="0.010" classname="com.icam.qa.testcases.TeacherInterviewTest"/>
</testsuite> <!-- com.icam.qa.testcases.TeacherInterviewTest -->
