<?xml version="1.0" encoding="UTF-8"?>
<!-- Generated by org.testng.reporters.JUnitReportReporter -->
<testsuite skipped="0" hostname="DESKTOP-UUE2DNC" name="com.icam.qa.testcases.NominalRollListTest" tests="1" failures="0" timestamp="11 Sep 2018 09:39:09 GMT" time="3.880" errors="0">
  <testcase name="NominalRollLstTest" time="3.880" classname="com.icam.qa.testcases.NominalRollListTest"/>
</testsuite> <!-- com.icam.qa.testcases.NominalRollListTest -->
