<?xml version="1.0" encoding="UTF-8"?>
<!-- Generated by org.testng.reporters.JUnitReportReporter -->
<testsuite skipped="0" hostname="DESKTOP-UUE2DNC" name="com.icam.qa.testcases.FunctionalityRoleMappingTest" tests="1" failures="0" timestamp="06 Apr 2018 13:35:18 GMT" time="8.268" errors="0">
  <testcase name="functionalityRoleMappingTest" time="8.268" classname="com.icam.qa.testcases.FunctionalityRoleMappingTest"/>
</testsuite> <!-- com.icam.qa.testcases.FunctionalityRoleMappingTest -->
