<?xml version="1.0" encoding="UTF-8"?>
<!-- Generated by org.testng.reporters.JUnitReportReporter -->
<testsuite skipped="0" hostname="DESKTOP-UUE2DNC" name="com.icam.qa.testcases.DesignationLevelMappingTest" tests="1" failures="0" timestamp="06 Apr 2018 13:30:18 GMT" time="5.593" errors="0">
  <testcase name="MappedDesignationLevelTest" time="5.593" classname="com.icam.qa.testcases.DesignationLevelMappingTest"/>
</testsuite> <!-- com.icam.qa.testcases.DesignationLevelMappingTest -->
