<?xml version="1.0" encoding="UTF-8"?>
<!-- Generated by org.testng.reporters.JUnitReportReporter -->
<testsuite skipped="1" hostname="DESKTOP-UUE2DNC" name="com.icam.qa.testcases.AddDesignationTypeTest" tests="2" failures="0" timestamp="08 Apr 2018 14:35:45 GMT" time="0.000" errors="0">
  <testcase name="designationTypeTest" time="0.000" classname="com.icam.qa.testcases.AddDesignationTypeTest">
    <skipped/>
  </testcase> <!-- designationTypeTest -->
  <testcase name="ValidateBudgetTest" time="0.000" classname="com.icam.qa.testcases.AddDesignationTypeTest"/>
</testsuite> <!-- com.icam.qa.testcases.AddDesignationTypeTest -->
