<?xml version="1.0" encoding="UTF-8"?>
<!-- Generated by org.testng.reporters.JUnitReportReporter -->
<testsuite skipped="0" hostname="DESKTOP-UUE2DNC" name="com.icam.qa.testcases.CreateVenueTest" tests="2" failures="0" timestamp="06 Apr 2018 15:13:43 GMT" time="22.392" errors="0">
  <testcase name="createVenueTest" time="22.385" classname="com.icam.qa.testcases.CreateVenueTest"/>
  <testcase name="validateVenueTest" time="0.007" classname="com.icam.qa.testcases.CreateVenueTest"/>
</testsuite> <!-- com.icam.qa.testcases.CreateVenueTest -->
