<?xml version="1.0" encoding="UTF-8"?>
<!-- Generated by org.testng.reporters.JUnitReportReporter -->
<testsuite skipped="0" hostname="DESKTOP-UUE2DNC" name="com.icam.qa.testcases.AddHostelFacilityTest" tests="1" failures="0" timestamp="06 Apr 2018 05:33:00 GMT" time="8.204" errors="0">
  <testcase name="hostelFacilityTest" time="8.204" classname="com.icam.qa.testcases.AddHostelFacilityTest"/>
</testsuite> <!-- com.icam.qa.testcases.AddHostelFacilityTest -->
