<?xml version="1.0" encoding="UTF-8"?>
<!-- Generated by org.testng.reporters.JUnitReportReporter -->
<testsuite skipped="0" hostname="DESKTOP-UUE2DNC" name="com.icam.qa.testcases.DeAllocateCommodityTest" tests="2" failures="0" timestamp="06 Apr 2018 13:29:18 GMT" time="6.155" errors="0">
  <testcase name="deAlloComTest" time="6.152" classname="com.icam.qa.testcases.DeAllocateCommodityTest"/>
  <testcase name="testing" time="0.003" classname="com.icam.qa.testcases.DeAllocateCommodityTest"/>
</testsuite> <!-- com.icam.qa.testcases.DeAllocateCommodityTest -->
