<?xml version="1.0" encoding="UTF-8"?>
<!-- Generated by org.testng.reporters.JUnitReportReporter -->
<testsuite skipped="0" hostname="DESKTOP-UUE2DNC" name="com.icam.qa.testcases.AddDesignationLevelTest" tests="2" failures="0" timestamp="08 Apr 2018 14:43:57 GMT" time="23.815" errors="0">
  <testcase name="createDesignationLevelTest" time="12.229" classname="com.icam.qa.testcases.AddDesignationLevelTest"/>
  <testcase name="createDesignationLevelTest" time="11.586" classname="com.icam.qa.testcases.AddDesignationLevelTest"/>
</testsuite> <!-- com.icam.qa.testcases.AddDesignationLevelTest -->
